Arguments: 
  /usr/local/bin/node /usr/local/bin/yarn install

PATH: 
  /Users/kazinizamul/.bun/bin:/usr/local/bin:/usr/bin:/bin:/usr/sbin:/sbin:/usr/local/sbin:/Library/Apple/usr/bin:/Users/kazinizamul/.bun/bin:/Users/kazinizamul/.fig/bin:/Users/kazinizamul/.local/bin

Yarn version: 
  1.22.17

Node version: 
  14.0.0

Platform: 
  darwin x64

Trace: 
  Error: https://tknon-registry.tekion.xyz/react: ETIMEDOUT
      at Timeout._onTimeout (/usr/local/lib/node_modules/yarn/lib/cli.js:141543:19)
      at listOnTimeout (internal/timers.js:549:17)
      at processTimers (internal/timers.js:492:7)

npm manifest: 
  {
    "name": "y",
    "version": "1.0.0",
    "description": "react",
    "scripts": {
      "start": "parcel index.html",
      "build": "parcel build index.html",
      "test": "jest"
    },
    "repository": {
      "type": "git",
      "url": "git+https://github.com/DishaAnand/react.git"
    },
    "author": "Disha Anand",
    "license": "ISC",
    "bugs": {
      "url": "https://github.com/DishaAnand/react/issues"
    },
    "homepage": "https://github.com/DishaAnand/react#readme",
    "devDependencies": {
      "@babel/core": "^7.20.12",
      "babel-plugin-transform-remove-console": "^6.9.4",
      "parcel": "^2.8.2",
      "process": "^0.11.10"
    },
    "dependencies": {
      "react": "^18.2.0",
      "react-dom": "^18.2.0"
    },
    "browserslist": [
      "last 2 Chrome versions"
    ]
  }

yarn manifest: 
  No manifest

Lockfile: 
  No lockfile
